0 info it worked if it ends with ok
1 verbose cli [ '/home/dorignac/.nvm/v0.10.36/bin/node',
1 verbose cli   '/home/dorignac/.nvm/v0.10.36/bin/npm',
1 verbose cli   'start' ]
2 info using npm@1.4.28
3 info using node@v0.10.36
4 verbose run-script [ 'prestart', 'start', 'poststart' ]
5 info prestart boilerplate@1.0.0
6 info start boilerplate@1.0.0
7 verbose unsafe-perm in lifecycle true
8 info boilerplate@1.0.0 Failed to exec start script
9 error boilerplate@1.0.0 start: `gulp watch`
9 error Exit status 8
10 error Failed at the boilerplate@1.0.0 start script.
10 error This is most likely a problem with the boilerplate package,
10 error not with npm itself.
10 error Tell the author that this fails on your system:
10 error     gulp watch
10 error You can get their info via:
10 error     npm owner ls boilerplate
10 error There is likely additional logging output above.
11 error System Linux 3.13.0-24-generic
12 error command "/home/dorignac/.nvm/v0.10.36/bin/node" "/home/dorignac/.nvm/v0.10.36/bin/npm" "start"
13 error cwd /home/dorignac/dev/boilerplate
14 error node -v v0.10.36
15 error npm -v 1.4.28
16 error code ELIFECYCLE
17 verbose exit [ 1, true ]
